  imgui.cpp
  imgui_draw.cpp
  imgui_widgets.cpp
  appBase.cpp
  main.cpp
  vkbuffer.cpp
  vkdebug.cpp
  vkdevice.cpp
  vkgltf.cpp
  vkswapchain.cpp
  vktexture.cpp
  vktools.cpp
  vkuioverlay.cpp
  checkheader.c
  filestream.c
  hashlist.c
  memstream.c
  swap.c
  texture.c
C:\Users\angus\OneDrive\Documents\GitHub\a3_vulkan\ktx\lib\texture.c(31,9): warning C4005: '_CRT_SECURE_NO_WARNINGS': macro redefinition
      C:\Users\angus\OneDrive\Documents\GitHub\a3_vulkan\ktx\lib\texture.c(31,9):
      '_CRT_SECURE_NO_WARNINGS' previously declared on the command line
  
C:\Users\angus\OneDrive\Documents\GitHub\a3_vulkan\ktx\lib\gl_format.h(100,9): warning C4005: 'NOMINMAX': macro redefinition
  (compiling source file '../../ktx/lib/texture.c')
      C:\Users\angus\OneDrive\Documents\GitHub\a3_vulkan\ktx\lib\gl_format.h(100,9):
      'NOMINMAX' previously declared on the command line
  
  Generating code
  5308 of 5379 functions (98.7%) were compiled, the rest were copied from previous compilation.
    37 functions were new in current compilation
    2 functions had inline decision re-evaluated but remain unchanged
  Finished generating code
  A3.vcxproj -> C:\Users\angus\OneDrive\Documents\GitHub\a3_vulkan\A3\x64\Release\A3.exe
